Using pre-set license
Built from '2020.3/staging' branch; Version is '2020.3.5f1 (8095aa901b9b) revision 8426922'; Using compiler version '192528614'; Build Type 'Release'
OS: 'Windows 10 Pro; OS build 19043.1081; Version 2009; 64bit' Language: 'en' Physical Memory: 65444 MB
BatchMode: 1, IsHumanControllingUs: 0, StartBugReporterOnCrash: 0, Is64bit: 1, IsPro: 0

 COMMAND LINE ARGUMENTS:
C:\Program Files\Unity\Hub\Editor\2020.3.5f1\Editor\Unity.exe
-adb2
-batchMode
-noUpm
-name
AssetImportWorker0
-projectPath
C:/Users/Ahmad Zaher Alhafi/Documents/Unity/Jump Race 3D
-logFile
Logs/AssetImportWorker0.log
-srvPort
57134
Successfully changed project path to: C:/Users/Ahmad Zaher Alhafi/Documents/Unity/Jump Race 3D
C:/Users/Ahmad Zaher Alhafi/Documents/Unity/Jump Race 3D
Using Asset Import Pipeline V2.
Refreshing native plugins compatible for Editor in 45.48 ms, found 0 plugins.
Preloading 0 native plugins for Editor in 0.00 ms.
Initialize engine version: 2020.3.5f1 (8095aa901b9b)
[Subsystems] Discovering subsystems at path C:/Program Files/Unity/Hub/Editor/2020.3.5f1/Editor/Data/Resources/UnitySubsystems
[Subsystems] Discovering subsystems at path C:/Users/Ahmad Zaher Alhafi/Documents/Unity/Jump Race 3D/Assets
GfxDevice: creating device client; threaded=0
Direct3D:
    Version:  Direct3D 11.0 [level 11.1]
    Renderer: NVIDIA GeForce RTX 3080 (ID=0x2206)
    Vendor:   
    VRAM:     10078 MB
    Driver:   30.0.14.7111
Shader 'Universal Render Pipeline/Particles/Lit': fallback shader 'Universal Render Pipeline/Particles/SimpleLit' not found
Initialize mono
Mono path[0] = 'C:/Program Files/Unity/Hub/Editor/2020.3.5f1/Editor/Data/Managed'
Mono path[1] = 'C:/Program Files/Unity/Hub/Editor/2020.3.5f1/Editor/Data/MonoBleedingEdge/lib/mono/unityjit'
Mono config path = 'C:/Program Files/Unity/Hub/Editor/2020.3.5f1/Editor/Data/MonoBleedingEdge/etc'
Using monoOptions --debugger-agent=transport=dt_socket,embedding=1,server=y,suspend=n,address=127.0.0.1:56752
Begin MonoManager ReloadAssembly
Registering precompiled unity dll's ...
Register platform support module: C:/Program Files/Unity/Hub/Editor/2020.3.5f1/Editor/Data/PlaybackEngines/WindowsStandaloneSupport/UnityEditor.WindowsStandalone.Extensions.dll
Registered in 0.002580 seconds.
Native extension for WindowsStandalone target not found
Refreshing native plugins compatible for Editor in 46.07 ms, found 0 plugins.
Preloading 0 native plugins for Editor in 0.00 ms.
Mono: successfully reloaded assembly
- Completed reload, in  2.187 seconds
Platform modules already initialized, skipping
Registering precompiled user dll's ...
Registered in 0.001811 seconds.
Begin MonoManager ReloadAssembly
Native extension for WindowsStandalone target not found
Refreshing native plugins compatible for Editor in 45.12 ms, found 0 plugins.
Preloading 0 native plugins for Editor in 0.00 ms.
Mono: successfully reloaded assembly
- Completed reload, in  0.977 seconds
Platform modules already initialized, skipping
========================================================================
Worker process is ready to serve import requests
Shader 'Universal Render Pipeline/Particles/Lit': fallback shader 'Universal Render Pipeline/Particles/SimpleLit' not found
Launched and connected shader compiler UnityShaderCompiler.exe after 0.07 seconds
Refreshing native plugins compatible for Editor in 0.65 ms, found 0 plugins.
Preloading 0 native plugins for Editor in 0.00 ms.
Unloading 2676 Unused Serialized files (Serialized files now loaded: 0)
System memory in use before: 125.8 MB.
System memory in use after: 123.5 MB.

Unloading 45 unused Assets to reduce memory usage. Loaded Objects now: 3097.
Total: 3.563200 ms (FindLiveObjects: 0.461800 ms CreateObjectMapping: 0.093200 ms MarkObjects: 1.965300 ms  DeleteObjects: 1.041900 ms)

========================================================================
Received Import Request.
  path: Assets/Animations/mixamo.com.anim
  artifactKey: Guid(3f9997ba38b1d0d41a6dd214ca2ef100) Importer(815301076,1909f56bfc062723c751e8b465ee728b)
Start importing Assets/Animations/mixamo.com.anim using Guid(3f9997ba38b1d0d41a6dd214ca2ef100) Importer(815301076,1909f56bfc062723c751e8b465ee728b)  -> (artifact id: 'd47c5c9d17ad41e0faf03ec80245f5ed') in 0.044491 seconds
  Import took 0.049296 seconds .

========================================================================
Received Import Request.
  Time since last request: 2.071186 seconds.
  path: Assets/Animations/Win.anim
  artifactKey: Guid(3f9997ba38b1d0d41a6dd214ca2ef100) Importer(815301076,1909f56bfc062723c751e8b465ee728b)
Start importing Assets/Animations/Win.anim using Guid(3f9997ba38b1d0d41a6dd214ca2ef100) Importer(815301076,1909f56bfc062723c751e8b465ee728b)  -> (artifact id: '4e398c91b070e50387683426902d2c31') in 0.013347 seconds
  Import took 0.017733 seconds .

========================================================================
Received Import Request.
  Time since last request: 0.000819 seconds.
  path: Assets/Animations/Win.anim
  artifactKey: Guid(3f9997ba38b1d0d41a6dd214ca2ef100) Importer(815301076,1909f56bfc062723c751e8b465ee728b)
Start importing Assets/Animations/Win.anim using Guid(3f9997ba38b1d0d41a6dd214ca2ef100) Importer(815301076,1909f56bfc062723c751e8b465ee728b)  -> (artifact id: '4e398c91b070e50387683426902d2c31') in 0.011024 seconds
  Import took 0.015305 seconds .

========================================================================
Received Import Request.
  Time since last request: 3.133622 seconds.
  path: Assets/Animations/Warming Up.fbx
  artifactKey: Guid(83a897cf42516ad449d762c257307267) Importer(815301076,1909f56bfc062723c751e8b465ee728b)
Start importing Assets/Animations/Warming Up.fbx using Guid(83a897cf42516ad449d762c257307267) Importer(815301076,1909f56bfc062723c751e8b465ee728b)  -> (artifact id: '694df0ffa1573fb7803895f33d563542') in 0.047424 seconds
  Import took 0.051755 seconds .

========================================================================
Received Import Request.
  Time since last request: 0.245831 seconds.
  path: Assets/Animations/mixamo.com.anim
  artifactKey: Guid(ead724f0216531740ae6fb53cfa3c140) Importer(815301076,1909f56bfc062723c751e8b465ee728b)
Start importing Assets/Animations/mixamo.com.anim using Guid(ead724f0216531740ae6fb53cfa3c140) Importer(815301076,1909f56bfc062723c751e8b465ee728b)  -> (artifact id: 'e5364a663c826749ffdd29c7b7659f14') in 0.015822 seconds
  Import took 0.019887 seconds .

========================================================================
Received Import Request.
  Time since last request: 5.743577 seconds.
  path: Assets/Animations/WarmingUp.anim
  artifactKey: Guid(ead724f0216531740ae6fb53cfa3c140) Importer(815301076,1909f56bfc062723c751e8b465ee728b)
Start importing Assets/Animations/WarmingUp.anim using Guid(ead724f0216531740ae6fb53cfa3c140) Importer(815301076,1909f56bfc062723c751e8b465ee728b)  -> (artifact id: '5c82269eb8fa6f6f5abcb5185c58a9e7') in 0.021080 seconds
  Import took 0.026232 seconds .

========================================================================
Received Import Request.
  Time since last request: 1.051934 seconds.
  path: Assets/Animations/WarmingUp.anim
  artifactKey: Guid(ead724f0216531740ae6fb53cfa3c140) Importer(815301076,1909f56bfc062723c751e8b465ee728b)
Start importing Assets/Animations/WarmingUp.anim using Guid(ead724f0216531740ae6fb53cfa3c140) Importer(815301076,1909f56bfc062723c751e8b465ee728b)  -> (artifact id: '6ecfe845e03eb313abce5f31c8f3af0c') in 0.015663 seconds
  Import took 0.020236 seconds .

========================================================================
Received Import Request.
  Time since last request: 9.546104 seconds.
  path: Assets/Animations/Chicken Dance.fbx
  artifactKey: Guid(684bff3b7c9da2c4997879e553852287) Importer(815301076,1909f56bfc062723c751e8b465ee728b)
Start importing Assets/Animations/Chicken Dance.fbx using Guid(684bff3b7c9da2c4997879e553852287) Importer(815301076,1909f56bfc062723c751e8b465ee728b)  -> (artifact id: '332d144de0e10fbb08ee797e44b41965') in 0.011044 seconds
  Import took 0.014837 seconds .

========================================================================
Received Prepare
Registering precompiled user dll's ...
Registered in 0.001475 seconds.
Begin MonoManager ReloadAssembly
Native extension for WindowsStandalone target not found
Refreshing native plugins compatible for Editor in 0.52 ms, found 0 plugins.
Preloading 0 native plugins for Editor in 0.00 ms.
Mono: successfully reloaded assembly
- Completed reload, in  0.822 seconds
Platform modules already initialized, skipping
Switching build target platform(5) subTarget(0) extendedPlatform(0) -> platform(13) subTarget(537395200) extendedPlatform(0)
Shader 'Universal Render Pipeline/Particles/Lit': fallback shader 'Universal Render Pipeline/Particles/SimpleLit' not found
Refreshing native plugins compatible for Editor in 0.80 ms, found 0 plugins.
Preloading 0 native plugins for Editor in 0.00 ms.
Unloading 2585 Unused Serialized files (Serialized files now loaded: 0)
System memory in use before: 119.2 MB.
System memory in use after: 117.0 MB.

Unloading 40 unused Assets to reduce memory usage. Loaded Objects now: 3100.
Total: 4.351000 ms (FindLiveObjects: 0.361300 ms CreateObjectMapping: 0.116400 ms MarkObjects: 2.484200 ms  DeleteObjects: 1.387900 ms)

AssetImportParameters requested are different than current active one (requested -> active):
  custom:graphics/normal-map-encoding: 01000000000000000000000000000000 -> 02000000000000000000000000000000
========================================================================
Received Prepare
Registering precompiled user dll's ...
Registered in 0.002232 seconds.
Begin MonoManager ReloadAssembly
Native extension for WindowsStandalone target not found
Refreshing native plugins compatible for Editor in 0.84 ms, found 0 plugins.
Preloading 0 native plugins for Editor in 0.00 ms.
Mono: successfully reloaded assembly
- Completed reload, in  0.874 seconds
Platform modules already initialized, skipping
Switching build target platform(5) subTarget(0) extendedPlatform(0) -> platform(13) subTarget(537395200) extendedPlatform(0)
Shader 'Universal Render Pipeline/Particles/Lit': fallback shader 'Universal Render Pipeline/Particles/SimpleLit' not found
Refreshing native plugins compatible for Editor in 0.52 ms, found 0 plugins.
Preloading 0 native plugins for Editor in 0.00 ms.
Unloading 2585 Unused Serialized files (Serialized files now loaded: 0)
System memory in use before: 119.3 MB.
System memory in use after: 117.0 MB.

Unloading 40 unused Assets to reduce memory usage. Loaded Objects now: 3103.
Total: 3.778600 ms (FindLiveObjects: 0.275400 ms CreateObjectMapping: 0.108600 ms MarkObjects: 2.161800 ms  DeleteObjects: 1.231200 ms)

AssetImportParameters requested are different than current active one (requested -> active):
  custom:graphics/normal-map-encoding: 01000000000000000000000000000000 -> 02000000000000000000000000000000
========================================================================
Received Prepare
Registering precompiled user dll's ...
Registered in 0.001380 seconds.
Begin MonoManager ReloadAssembly
Native extension for WindowsStandalone target not found
Refreshing native plugins compatible for Editor in 0.59 ms, found 0 plugins.
Preloading 0 native plugins for Editor in 0.00 ms.
Mono: successfully reloaded assembly
- Completed reload, in  0.861 seconds
Platform modules already initialized, skipping
Switching build target platform(5) subTarget(0) extendedPlatform(0) -> platform(13) subTarget(537395200) extendedPlatform(0)
Shader 'Universal Render Pipeline/Particles/Lit': fallback shader 'Universal Render Pipeline/Particles/SimpleLit' not found
Refreshing native plugins compatible for Editor in 0.60 ms, found 0 plugins.
Preloading 0 native plugins for Editor in 0.00 ms.
Unloading 2585 Unused Serialized files (Serialized files now loaded: 0)
System memory in use before: 119.4 MB.
System memory in use after: 117.1 MB.

Unloading 40 unused Assets to reduce memory usage. Loaded Objects now: 3106.
Total: 4.277700 ms (FindLiveObjects: 0.330000 ms CreateObjectMapping: 0.083800 ms MarkObjects: 2.361800 ms  DeleteObjects: 1.500500 ms)

AssetImportParameters requested are different than current active one (requested -> active):
  custom:graphics/normal-map-encoding: 01000000000000000000000000000000 -> 02000000000000000000000000000000
========================================================================
Received Prepare
Registering precompiled user dll's ...
Registered in 0.002054 seconds.
Begin MonoManager ReloadAssembly
Native extension for WindowsStandalone target not found
Refreshing native plugins compatible for Editor in 0.55 ms, found 0 plugins.
Preloading 0 native plugins for Editor in 0.00 ms.
Mono: successfully reloaded assembly
- Completed reload, in  0.841 seconds
Platform modules already initialized, skipping
Switching build target platform(5) subTarget(0) extendedPlatform(0) -> platform(13) subTarget(537395200) extendedPlatform(0)
Shader 'Universal Render Pipeline/Particles/Lit': fallback shader 'Universal Render Pipeline/Particles/SimpleLit' not found
Refreshing native plugins compatible for Editor in 0.55 ms, found 0 plugins.
Preloading 0 native plugins for Editor in 0.00 ms.
Unloading 2585 Unused Serialized files (Serialized files now loaded: 0)
System memory in use before: 119.5 MB.
System memory in use after: 117.2 MB.

Unloading 40 unused Assets to reduce memory usage. Loaded Objects now: 3109.
Total: 5.052400 ms (FindLiveObjects: 0.465000 ms CreateObjectMapping: 0.138500 ms MarkObjects: 3.019000 ms  DeleteObjects: 1.428400 ms)

AssetImportParameters requested are different than current active one (requested -> active):
  custom:graphics/normal-map-encoding: 01000000000000000000000000000000 -> 02000000000000000000000000000000
========================================================================
Received Prepare
Registering precompiled user dll's ...
Registered in 0.001427 seconds.
Begin MonoManager ReloadAssembly
Native extension for WindowsStandalone target not found
Refreshing native plugins compatible for Editor in 0.56 ms, found 0 plugins.
Preloading 0 native plugins for Editor in 0.00 ms.
Mono: successfully reloaded assembly
- Completed reload, in  0.869 seconds
Platform modules already initialized, skipping
Switching build target platform(5) subTarget(0) extendedPlatform(0) -> platform(13) subTarget(537395200) extendedPlatform(0)
Shader 'Universal Render Pipeline/Particles/Lit': fallback shader 'Universal Render Pipeline/Particles/SimpleLit' not found
Refreshing native plugins compatible for Editor in 1.00 ms, found 0 plugins.
Preloading 0 native plugins for Editor in 0.00 ms.
Unloading 2585 Unused Serialized files (Serialized files now loaded: 0)
System memory in use before: 119.4 MB.
System memory in use after: 117.2 MB.

Unloading 40 unused Assets to reduce memory usage. Loaded Objects now: 3112.
Total: 3.032000 ms (FindLiveObjects: 0.271200 ms CreateObjectMapping: 0.060300 ms MarkObjects: 1.585700 ms  DeleteObjects: 1.113700 ms)

AssetImportParameters requested are different than current active one (requested -> active):
  custom:graphics/normal-map-encoding: 01000000000000000000000000000000 -> 02000000000000000000000000000000
========================================================================
Received Prepare
Registering precompiled user dll's ...
Registered in 0.001998 seconds.
Begin MonoManager ReloadAssembly
Native extension for WindowsStandalone target not found
Refreshing native plugins compatible for Editor in 0.62 ms, found 0 plugins.
Preloading 0 native plugins for Editor in 0.00 ms.
Mono: successfully reloaded assembly
- Completed reload, in  0.861 seconds
Platform modules already initialized, skipping
Switching build target platform(5) subTarget(0) extendedPlatform(0) -> platform(13) subTarget(537395200) extendedPlatform(0)
Shader 'Universal Render Pipeline/Particles/Lit': fallback shader 'Universal Render Pipeline/Particles/SimpleLit' not found
Refreshing native plugins compatible for Editor in 0.68 ms, found 0 plugins.
Preloading 0 native plugins for Editor in 0.00 ms.
Unloading 2585 Unused Serialized files (Serialized files now loaded: 0)
System memory in use before: 119.5 MB.
System memory in use after: 117.2 MB.

Unloading 40 unused Assets to reduce memory usage. Loaded Objects now: 3115.
Total: 3.687700 ms (FindLiveObjects: 0.288400 ms CreateObjectMapping: 0.083200 ms MarkObjects: 1.992300 ms  DeleteObjects: 1.322100 ms)

AssetImportParameters requested are different than current active one (requested -> active):
  custom:graphics/normal-map-encoding: 01000000000000000000000000000000 -> 02000000000000000000000000000000
========================================================================
Received Import Request.
  Time since last request: 974.087716 seconds.
  path: Assets/Prefabs/Racer.prefab
  artifactKey: Guid(5ab6cc350000e20418156543d1e2253d) Importer(815301076,1909f56bfc062723c751e8b465ee728b)
Start importing Assets/Prefabs/Racer.prefab using Guid(5ab6cc350000e20418156543d1e2253d) Importer(815301076,1909f56bfc062723c751e8b465ee728b)  -> (artifact id: 'eef6ee5ae9fdbe04c04af71ae20f0bf5') in 0.399899 seconds
  Import took 0.405498 seconds .

========================================================================
Received Import Request.
  Time since last request: 4.512894 seconds.
  path: Assets/Prefabs/Racer.prefab
  artifactKey: Guid(5ab6cc350000e20418156543d1e2253d) Importer(815301076,1909f56bfc062723c751e8b465ee728b)
Start importing Assets/Prefabs/Racer.prefab using Guid(5ab6cc350000e20418156543d1e2253d) Importer(815301076,1909f56bfc062723c751e8b465ee728b)  -> (artifact id: '6f3f291862d57b9b4484eca84064f182') in 0.131851 seconds
  Import took 0.137205 seconds .

========================================================================
Received Import Request.
  Time since last request: 1.981324 seconds.
  path: Assets/Prefabs/Racer.prefab
  artifactKey: Guid(5ab6cc350000e20418156543d1e2253d) Importer(815301076,1909f56bfc062723c751e8b465ee728b)
Start importing Assets/Prefabs/Racer.prefab using Guid(5ab6cc350000e20418156543d1e2253d) Importer(815301076,1909f56bfc062723c751e8b465ee728b)  -> (artifact id: '33e5bababfd16c5ae2c106d3598cf610') in 0.131633 seconds
  Import took 0.138044 seconds .

========================================================================
Received Import Request.
  Time since last request: 19.902363 seconds.
  path: Assets/Animations/Win.anim
  artifactKey: Guid(3f9997ba38b1d0d41a6dd214ca2ef100) Importer(815301076,1909f56bfc062723c751e8b465ee728b)
Start importing Assets/Animations/Win.anim using Guid(3f9997ba38b1d0d41a6dd214ca2ef100) Importer(815301076,1909f56bfc062723c751e8b465ee728b)  -> (artifact id: '353c9b21455784e8ac4af8c743e0b220') in 0.010537 seconds
  Import took 0.014484 seconds .

========================================================================
Received Import Request.
  Time since last request: 0.002821 seconds.
  path: Assets/Animations/Win.anim
  artifactKey: Guid(3f9997ba38b1d0d41a6dd214ca2ef100) Importer(815301076,1909f56bfc062723c751e8b465ee728b)
Start importing Assets/Animations/Win.anim using Guid(3f9997ba38b1d0d41a6dd214ca2ef100) Importer(815301076,1909f56bfc062723c751e8b465ee728b)  -> (artifact id: '353c9b21455784e8ac4af8c743e0b220') in 0.008596 seconds
  Import took 0.012792 seconds .

========================================================================
Received Prepare
Registering precompiled user dll's ...
Registered in 0.001858 seconds.
Begin MonoManager ReloadAssembly
Native extension for WindowsStandalone target not found
Refreshing native plugins compatible for Editor in 0.81 ms, found 0 plugins.
Preloading 0 native plugins for Editor in 0.00 ms.
Mono: successfully reloaded assembly
- Completed reload, in  0.897 seconds
Platform modules already initialized, skipping
Switching build target platform(5) subTarget(0) extendedPlatform(0) -> platform(13) subTarget(537395200) extendedPlatform(0)
Shader 'Universal Render Pipeline/Particles/Lit': fallback shader 'Universal Render Pipeline/Particles/SimpleLit' not found
Refreshing native plugins compatible for Editor in 0.81 ms, found 0 plugins.
Preloading 0 native plugins for Editor in 0.00 ms.
Unloading 2585 Unused Serialized files (Serialized files now loaded: 0)
System memory in use before: 138.3 MB.
System memory in use after: 136.0 MB.

Unloading 40 unused Assets to reduce memory usage. Loaded Objects now: 3165.
Total: 3.444900 ms (FindLiveObjects: 0.359300 ms CreateObjectMapping: 0.095600 ms MarkObjects: 1.896900 ms  DeleteObjects: 1.092200 ms)

AssetImportParameters requested are different than current active one (requested -> active):
  custom:graphics/normal-map-encoding: 01000000000000000000000000000000 -> 02000000000000000000000000000000
========================================================================
Received Import Request.
  Time since last request: 6.927377 seconds.
  path: Assets/Animations/Win.anim
  artifactKey: Guid(3f9997ba38b1d0d41a6dd214ca2ef100) Importer(815301076,1909f56bfc062723c751e8b465ee728b)
Start importing Assets/Animations/Win.anim using Guid(3f9997ba38b1d0d41a6dd214ca2ef100) Importer(815301076,1909f56bfc062723c751e8b465ee728b)  -> (artifact id: 'c429a047f455c0f66b5922c200ecec56') in 0.026558 seconds
  Import took 0.030991 seconds .

========================================================================
Received Prepare
Registering precompiled user dll's ...
Registered in 0.001749 seconds.
Begin MonoManager ReloadAssembly
Native extension for WindowsStandalone target not found
Refreshing native plugins compatible for Editor in 0.92 ms, found 0 plugins.
Preloading 0 native plugins for Editor in 0.00 ms.
Mono: successfully reloaded assembly
- Completed reload, in  0.910 seconds
Platform modules already initialized, skipping
Switching build target platform(5) subTarget(0) extendedPlatform(0) -> platform(13) subTarget(537395200) extendedPlatform(0)
Shader 'Universal Render Pipeline/Particles/Lit': fallback shader 'Universal Render Pipeline/Particles/SimpleLit' not found
Refreshing native plugins compatible for Editor in 0.83 ms, found 0 plugins.
Preloading 0 native plugins for Editor in 0.00 ms.
Unloading 2585 Unused Serialized files (Serialized files now loaded: 0)
System memory in use before: 138.4 MB.
System memory in use after: 136.0 MB.

Unloading 40 unused Assets to reduce memory usage. Loaded Objects now: 3168.
Total: 5.061100 ms (FindLiveObjects: 0.490200 ms CreateObjectMapping: 0.083200 ms MarkObjects: 2.580400 ms  DeleteObjects: 1.906000 ms)

AssetImportParameters requested are different than current active one (requested -> active):
  custom:graphics/normal-map-encoding: 01000000000000000000000000000000 -> 02000000000000000000000000000000
========================================================================
Received Prepare
Registering precompiled user dll's ...
Registered in 0.001423 seconds.
Begin MonoManager ReloadAssembly
Native extension for WindowsStandalone target not found
Refreshing native plugins compatible for Editor in 0.55 ms, found 0 plugins.
Preloading 0 native plugins for Editor in 0.00 ms.
Mono: successfully reloaded assembly
- Completed reload, in  0.909 seconds
Platform modules already initialized, skipping
Switching build target platform(5) subTarget(0) extendedPlatform(0) -> platform(13) subTarget(537395200) extendedPlatform(0)
Shader 'Universal Render Pipeline/Particles/Lit': fallback shader 'Universal Render Pipeline/Particles/SimpleLit' not found
Refreshing native plugins compatible for Editor in 0.55 ms, found 0 plugins.
Preloading 0 native plugins for Editor in 0.00 ms.
Unloading 2585 Unused Serialized files (Serialized files now loaded: 0)
System memory in use before: 138.4 MB.
System memory in use after: 136.0 MB.

Unloading 40 unused Assets to reduce memory usage. Loaded Objects now: 3171.
Total: 5.241900 ms (FindLiveObjects: 0.351000 ms CreateObjectMapping: 0.133900 ms MarkObjects: 2.086300 ms  DeleteObjects: 2.669800 ms)

AssetImportParameters requested are different than current active one (requested -> active):
  custom:graphics/normal-map-encoding: 01000000000000000000000000000000 -> 02000000000000000000000000000000
========================================================================
Received Prepare
Registering precompiled user dll's ...
Registered in 0.002120 seconds.
Begin MonoManager ReloadAssembly
Native extension for WindowsStandalone target not found
Refreshing native plugins compatible for Editor in 0.53 ms, found 0 plugins.
Preloading 0 native plugins for Editor in 0.00 ms.
Mono: successfully reloaded assembly
- Completed reload, in  0.935 seconds
Platform modules already initialized, skipping
Switching build target platform(5) subTarget(0) extendedPlatform(0) -> platform(13) subTarget(537395200) extendedPlatform(0)
Shader 'Universal Render Pipeline/Particles/Lit': fallback shader 'Universal Render Pipeline/Particles/SimpleLit' not found
Refreshing native plugins compatible for Editor in 0.87 ms, found 0 plugins.
Preloading 0 native plugins for Editor in 0.00 ms.
Unloading 2585 Unused Serialized files (Serialized files now loaded: 0)
System memory in use before: 138.3 MB.
System memory in use after: 136.0 MB.

Unloading 40 unused Assets to reduce memory usage. Loaded Objects now: 3174.
Total: 4.420900 ms (FindLiveObjects: 0.383800 ms CreateObjectMapping: 0.140300 ms MarkObjects: 2.294000 ms  DeleteObjects: 1.601300 ms)

AssetImportParameters requested are different than current active one (requested -> active):
  custom:graphics/normal-map-encoding: 01000000000000000000000000000000 -> 02000000000000000000000000000000
========================================================================
Received Prepare
Registering precompiled user dll's ...
Registered in 0.002686 seconds.
Begin MonoManager ReloadAssembly
Native extension for WindowsStandalone target not found
Refreshing native plugins compatible for Editor in 0.54 ms, found 0 plugins.
Preloading 0 native plugins for Editor in 0.00 ms.
Mono: successfully reloaded assembly
- Completed reload, in  0.922 seconds
Platform modules already initialized, skipping
Switching build target platform(5) subTarget(0) extendedPlatform(0) -> platform(13) subTarget(537395200) extendedPlatform(0)
Shader 'Universal Render Pipeline/Particles/Lit': fallback shader 'Universal Render Pipeline/Particles/SimpleLit' not found
Refreshing native plugins compatible for Editor in 0.95 ms, found 0 plugins.
Preloading 0 native plugins for Editor in 0.00 ms.
Unloading 2585 Unused Serialized files (Serialized files now loaded: 0)
System memory in use before: 138.3 MB.
System memory in use after: 136.0 MB.

Unloading 40 unused Assets to reduce memory usage. Loaded Objects now: 3177.
Total: 4.529000 ms (FindLiveObjects: 0.635600 ms CreateObjectMapping: 0.190700 ms MarkObjects: 2.081900 ms  DeleteObjects: 1.618400 ms)

AssetImportParameters requested are different than current active one (requested -> active):
  custom:graphics/normal-map-encoding: 01000000000000000000000000000000 -> 02000000000000000000000000000000
========================================================================
Received Prepare
Registering precompiled user dll's ...
Registered in 0.001517 seconds.
Begin MonoManager ReloadAssembly
Native extension for WindowsStandalone target not found
Refreshing native plugins compatible for Editor in 0.86 ms, found 0 plugins.
Preloading 0 native plugins for Editor in 0.00 ms.
Mono: successfully reloaded assembly
- Completed reload, in  0.970 seconds
Platform modules already initialized, skipping
Switching build target platform(5) subTarget(0) extendedPlatform(0) -> platform(13) subTarget(537395200) extendedPlatform(0)
Shader 'Universal Render Pipeline/Particles/Lit': fallback shader 'Universal Render Pipeline/Particles/SimpleLit' not found
Refreshing native plugins compatible for Editor in 0.83 ms, found 0 plugins.
Preloading 0 native plugins for Editor in 0.00 ms.
Unloading 2585 Unused Serialized files (Serialized files now loaded: 0)
System memory in use before: 138.4 MB.
System memory in use after: 136.1 MB.

Unloading 40 unused Assets to reduce memory usage. Loaded Objects now: 3180.
Total: 3.625500 ms (FindLiveObjects: 0.302900 ms CreateObjectMapping: 0.103500 ms MarkObjects: 1.985800 ms  DeleteObjects: 1.232300 ms)

AssetImportParameters requested are different than current active one (requested -> active):
  custom:graphics/normal-map-encoding: 01000000000000000000000000000000 -> 02000000000000000000000000000000
========================================================================
Received Prepare
Registering precompiled user dll's ...
Registered in 0.002710 seconds.
Begin MonoManager ReloadAssembly
Native extension for WindowsStandalone target not found
Refreshing native plugins compatible for Editor in 0.82 ms, found 0 plugins.
Preloading 0 native plugins for Editor in 0.00 ms.
Mono: successfully reloaded assembly
- Completed reload, in  1.022 seconds
Platform modules already initialized, skipping
Switching build target platform(5) subTarget(0) extendedPlatform(0) -> platform(13) subTarget(537395200) extendedPlatform(0)
Shader 'Universal Render Pipeline/Particles/Lit': fallback shader 'Universal Render Pipeline/Particles/SimpleLit' not found
Refreshing native plugins compatible for Editor in 0.56 ms, found 0 plugins.
Preloading 0 native plugins for Editor in 0.00 ms.
Unloading 2585 Unused Serialized files (Serialized files now loaded: 0)
System memory in use before: 138.3 MB.
System memory in use after: 136.1 MB.

Unloading 40 unused Assets to reduce memory usage. Loaded Objects now: 3183.
Total: 6.429700 ms (FindLiveObjects: 0.482200 ms CreateObjectMapping: 0.166700 ms MarkObjects: 3.847200 ms  DeleteObjects: 1.930800 ms)

AssetImportParameters requested are different than current active one (requested -> active):
  custom:graphics/normal-map-encoding: 01000000000000000000000000000000 -> 02000000000000000000000000000000
========================================================================
Received Import Request.
  Time since last request: 925.443380 seconds.
  path: Assets/Materials/Jump Obejct Base.mat
  artifactKey: Guid(f75e4b5b43a2ca9409349b978fc4f5c6) Importer(815301076,1909f56bfc062723c751e8b465ee728b)
Start importing Assets/Materials/Jump Obejct Base.mat using Guid(f75e4b5b43a2ca9409349b978fc4f5c6) Importer(815301076,1909f56bfc062723c751e8b465ee728b)  -> (artifact id: '2d9a6f5ce42b8ecc30b14b1530457847') in 0.193216 seconds
  Import took 0.199310 seconds .

========================================================================
Received Prepare
Registering precompiled user dll's ...
Registered in 0.001905 seconds.
Begin MonoManager ReloadAssembly
Native extension for WindowsStandalone target not found
Refreshing native plugins compatible for Editor in 0.54 ms, found 0 plugins.
Preloading 0 native plugins for Editor in 0.00 ms.
Mono: successfully reloaded assembly
- Completed reload, in  1.051 seconds
Platform modules already initialized, skipping
Switching build target platform(5) subTarget(0) extendedPlatform(0) -> platform(13) subTarget(537395200) extendedPlatform(0)
Shader 'Universal Render Pipeline/Particles/Lit': fallback shader 'Universal Render Pipeline/Particles/SimpleLit' not found
Refreshing native plugins compatible for Editor in 0.53 ms, found 0 plugins.
Preloading 0 native plugins for Editor in 0.00 ms.
Unloading 2585 Unused Serialized files (Serialized files now loaded: 0)
System memory in use before: 138.8 MB.
System memory in use after: 136.4 MB.

Unloading 40 unused Assets to reduce memory usage. Loaded Objects now: 3255.
Total: 3.376300 ms (FindLiveObjects: 0.392100 ms CreateObjectMapping: 0.060800 ms MarkObjects: 1.713300 ms  DeleteObjects: 1.208800 ms)

AssetImportParameters requested are different than current active one (requested -> active):
  custom:graphics/normal-map-encoding: 01000000000000000000000000000000 -> 02000000000000000000000000000000
========================================================================
Received Prepare
Registering precompiled user dll's ...
Registered in 0.002153 seconds.
Begin MonoManager ReloadAssembly
Native extension for WindowsStandalone target not found
Refreshing native plugins compatible for Editor in 0.56 ms, found 0 plugins.
Preloading 0 native plugins for Editor in 0.00 ms.
Mono: successfully reloaded assembly
- Completed reload, in  1.031 seconds
Platform modules already initialized, skipping
Switching build target platform(5) subTarget(0) extendedPlatform(0) -> platform(13) subTarget(537395200) extendedPlatform(0)
Shader 'Universal Render Pipeline/Particles/Lit': fallback shader 'Universal Render Pipeline/Particles/SimpleLit' not found
Refreshing native plugins compatible for Editor in 0.59 ms, found 0 plugins.
Preloading 0 native plugins for Editor in 0.00 ms.
Unloading 2585 Unused Serialized files (Serialized files now loaded: 0)
System memory in use before: 138.8 MB.
System memory in use after: 136.4 MB.

Unloading 40 unused Assets to reduce memory usage. Loaded Objects now: 3258.
Total: 4.059500 ms (FindLiveObjects: 0.391300 ms CreateObjectMapping: 0.094300 ms MarkObjects: 1.974600 ms  DeleteObjects: 1.598400 ms)

AssetImportParameters requested are different than current active one (requested -> active):
  custom:graphics/normal-map-encoding: 01000000000000000000000000000000 -> 02000000000000000000000000000000
========================================================================
Received Prepare
Registering precompiled user dll's ...
Registered in 0.003147 seconds.
Begin MonoManager ReloadAssembly
Native extension for WindowsStandalone target not found
Refreshing native plugins compatible for Editor in 1.00 ms, found 0 plugins.
Preloading 0 native plugins for Editor in 0.00 ms.
Mono: successfully reloaded assembly
- Completed reload, in  1.046 seconds
Platform modules already initialized, skipping
Switching build target platform(5) subTarget(0) extendedPlatform(0) -> platform(13) subTarget(537395200) extendedPlatform(0)
Shader 'Universal Render Pipeline/Particles/Lit': fallback shader 'Universal Render Pipeline/Particles/SimpleLit' not found
Refreshing native plugins compatible for Editor in 0.64 ms, found 0 plugins.
Preloading 0 native plugins for Editor in 0.00 ms.
Unloading 2585 Unused Serialized files (Serialized files now loaded: 0)
System memory in use before: 138.8 MB.
System memory in use after: 136.4 MB.

Unloading 40 unused Assets to reduce memory usage. Loaded Objects now: 3261.
Total: 4.615600 ms (FindLiveObjects: 0.551100 ms CreateObjectMapping: 0.091000 ms MarkObjects: 2.224600 ms  DeleteObjects: 1.747800 ms)

AssetImportParameters requested are different than current active one (requested -> active):
  custom:graphics/normal-map-encoding: 01000000000000000000000000000000 -> 02000000000000000000000000000000
========================================================================
Received Import Request.
  Time since last request: 381.771266 seconds.
  path: Assets/Animations/Running Forward Flip.controller
  artifactKey: Guid(d8828bf55d451bd40ab651e188ebd3a3) Importer(815301076,1909f56bfc062723c751e8b465ee728b)
Start importing Assets/Animations/Running Forward Flip.controller using Guid(d8828bf55d451bd40ab651e188ebd3a3) Importer(815301076,1909f56bfc062723c751e8b465ee728b)  -> (artifact id: '0b1d5bbe66b6a97682c6852622602755') in 0.127240 seconds
  Import took 0.132866 seconds .

========================================================================
Received Prepare
Registering precompiled user dll's ...
Registered in 0.001616 seconds.
Begin MonoManager ReloadAssembly
Native extension for WindowsStandalone target not found
Refreshing native plugins compatible for Editor in 0.54 ms, found 0 plugins.
Preloading 0 native plugins for Editor in 0.00 ms.
Mono: successfully reloaded assembly
- Completed reload, in  0.957 seconds
Platform modules already initialized, skipping
Switching build target platform(5) subTarget(0) extendedPlatform(0) -> platform(13) subTarget(537395200) extendedPlatform(0)
Shader 'Universal Render Pipeline/Particles/Lit': fallback shader 'Universal Render Pipeline/Particles/SimpleLit' not found
Refreshing native plugins compatible for Editor in 0.79 ms, found 0 plugins.
Preloading 0 native plugins for Editor in 0.00 ms.
Unloading 2585 Unused Serialized files (Serialized files now loaded: 0)
System memory in use before: 138.7 MB.
System memory in use after: 136.4 MB.

Unloading 40 unused Assets to reduce memory usage. Loaded Objects now: 3264.
Total: 3.227300 ms (FindLiveObjects: 0.314500 ms CreateObjectMapping: 0.068800 ms MarkObjects: 1.685600 ms  DeleteObjects: 1.157100 ms)

AssetImportParameters requested are different than current active one (requested -> active):
  custom:graphics/normal-map-encoding: 01000000000000000000000000000000 -> 02000000000000000000000000000000
AssetImportWorkerClient::OnTransportError - code=2 error=End of file
